25-Oct-2015 17:54:30.817 INFO [main] org.apache.catalina.startup.VersionLoggerListener.log Server version:        Apache Tomcat/@VERSION@
25-Oct-2015 17:54:30.820 INFO [main] org.apache.catalina.startup.VersionLoggerListener.log Server built:          @VERSION_BUILT@
25-Oct-2015 17:54:30.820 INFO [main] org.apache.catalina.startup.VersionLoggerListener.log Server number:         @VERSION_NUMBER@
25-Oct-2015 17:54:30.821 INFO [main] org.apache.catalina.startup.VersionLoggerListener.log OS Name:               Mac OS X
25-Oct-2015 17:54:30.821 INFO [main] org.apache.catalina.startup.VersionLoggerListener.log OS Version:            10.10.5
25-Oct-2015 17:54:30.821 INFO [main] org.apache.catalina.startup.VersionLoggerListener.log Architecture:          x86_64
25-Oct-2015 17:54:30.821 INFO [main] org.apache.catalina.startup.VersionLoggerListener.log Java Home:             /Library/Java/JavaVirtualMachines/jdk1.7.0_79.jdk/Contents/Home/jre
25-Oct-2015 17:54:30.821 INFO [main] org.apache.catalina.startup.VersionLoggerListener.log JVM Version:           1.7.0_79-b15
25-Oct-2015 17:54:30.822 INFO [main] org.apache.catalina.startup.VersionLoggerListener.log JVM Vendor:            Oracle Corporation
25-Oct-2015 17:54:30.822 INFO [main] org.apache.catalina.startup.VersionLoggerListener.log CATALINA_BASE:         /Users/xiaoyoubiao/Documents/opensource/tomcat8/catalina-home
25-Oct-2015 17:54:30.822 INFO [main] org.apache.catalina.startup.VersionLoggerListener.log CATALINA_HOME:         /Users/xiaoyoubiao/Documents/opensource/tomcat8/catalina-home
25-Oct-2015 17:54:30.823 INFO [main] org.apache.catalina.startup.VersionLoggerListener.log Command line argument: -agentlib:jdwp=transport=dt_socket,address=127.0.0.1:59146,suspend=y,server=n
25-Oct-2015 17:54:30.823 INFO [main] org.apache.catalina.startup.VersionLoggerListener.log Command line argument: -Dcatalina.home=catalina-home
25-Oct-2015 17:54:30.823 INFO [main] org.apache.catalina.startup.VersionLoggerListener.log Command line argument: -Dcatalina.base=catalina-home
25-Oct-2015 17:54:30.824 INFO [main] org.apache.catalina.startup.VersionLoggerListener.log Command line argument: -Djava.endorsed.dirs=catalina-home/endorsed
25-Oct-2015 17:54:30.824 INFO [main] org.apache.catalina.startup.VersionLoggerListener.log Command line argument: -Djava.io.tmpdir=catalina-home/temp
25-Oct-2015 17:54:30.824 INFO [main] org.apache.catalina.startup.VersionLoggerListener.log Command line argument: -Djava.util.logging.manager=org.apache.juli.ClassLoaderLogManager
25-Oct-2015 17:54:30.824 INFO [main] org.apache.catalina.startup.VersionLoggerListener.log Command line argument: -Djava.util.logging.config.file=catalina-home/conf/logging.properties
25-Oct-2015 17:54:30.824 INFO [main] org.apache.catalina.startup.VersionLoggerListener.log Command line argument: -Dfile.encoding=UTF-8
25-Oct-2015 17:54:30.824 INFO [main] org.apache.catalina.core.AprLifecycleListener.lifecycleEvent The APR based Apache Tomcat Native library which allows optimal performance in production environments was not found on the java.library.path: /Users/xiaoyoubiao/Library/Java/Extensions:/Library/Java/Extensions:/Network/Library/Java/Extensions:/System/Library/Java/Extensions:/usr/lib/java:.
25-Oct-2015 17:54:31.240 INFO [main] org.apache.coyote.AbstractProtocol.init Initializing ProtocolHandler ["http-nio-8080"]
25-Oct-2015 17:54:31.268 INFO [main] org.apache.tomcat.util.net.NioSelectorPool.getSharedSelector Using a shared selector for servlet write/read
25-Oct-2015 17:54:31.271 INFO [main] org.apache.coyote.AbstractProtocol.init Initializing ProtocolHandler ["ajp-nio-8009"]
25-Oct-2015 17:54:31.273 INFO [main] org.apache.tomcat.util.net.NioSelectorPool.getSharedSelector Using a shared selector for servlet write/read
25-Oct-2015 17:54:31.274 INFO [main] org.apache.catalina.startup.Catalina.load Initialization processed in 1764 ms
25-Oct-2015 17:54:31.315 INFO [main] org.apache.catalina.core.StandardService.startInternal Starting service Catalina
25-Oct-2015 17:54:31.316 INFO [main] org.apache.catalina.core.StandardEngine.startInternal Starting Servlet Engine: Apache Tomcat/@VERSION@
25-Oct-2015 17:54:31.329 INFO [localhost-startStop-1] org.apache.catalina.startup.HostConfig.deployDirectory Deploying web application directory /Users/xiaoyoubiao/Documents/opensource/tomcat8/catalina-home/webapps/docs
25-Oct-2015 17:54:38.126 INFO [localhost-startStop-1] org.apache.jasper.servlet.TldScanner.scanJars At least one JAR was scanned for TLDs yet contained no TLDs. Enable debug logging for this logger for a complete list of JARs that were scanned but no TLDs were found in them. Skipping unneeded JARs during scanning can improve startup time and JSP compilation time.
25-Oct-2015 17:54:38.187 INFO [localhost-startStop-1] org.apache.catalina.startup.HostConfig.deployDirectory Deployment of web application directory /Users/xiaoyoubiao/Documents/opensource/tomcat8/catalina-home/webapps/docs has finished in 6,856 ms
25-Oct-2015 17:54:38.187 INFO [localhost-startStop-1] org.apache.catalina.startup.HostConfig.deployDirectory Deploying web application directory /Users/xiaoyoubiao/Documents/opensource/tomcat8/catalina-home/webapps/examples
25-Oct-2015 17:54:41.790 INFO [localhost-startStop-1] org.apache.jasper.servlet.TldScanner.scanJars At least one JAR was scanned for TLDs yet contained no TLDs. Enable debug logging for this logger for a complete list of JARs that were scanned but no TLDs were found in them. Skipping unneeded JARs during scanning can improve startup time and JSP compilation time.
25-Oct-2015 17:54:41.891 INFO [localhost-startStop-1] org.apache.catalina.startup.HostConfig.deployDirectory Deployment of web application directory /Users/xiaoyoubiao/Documents/opensource/tomcat8/catalina-home/webapps/examples has finished in 3,704 ms
25-Oct-2015 17:54:41.891 INFO [localhost-startStop-1] org.apache.catalina.startup.HostConfig.deployDirectory Deploying web application directory /Users/xiaoyoubiao/Documents/opensource/tomcat8/catalina-home/webapps/host-manager
25-Oct-2015 17:54:41.969 INFO [localhost-startStop-1] org.apache.catalina.startup.HostConfig.deployDirectory Deployment of web application directory /Users/xiaoyoubiao/Documents/opensource/tomcat8/catalina-home/webapps/host-manager has finished in 78 ms
25-Oct-2015 17:54:41.969 INFO [localhost-startStop-1] org.apache.catalina.startup.HostConfig.deployDirectory Deploying web application directory /Users/xiaoyoubiao/Documents/opensource/tomcat8/catalina-home/webapps/manager
25-Oct-2015 17:54:42.055 INFO [localhost-startStop-1] org.apache.catalina.startup.HostConfig.deployDirectory Deployment of web application directory /Users/xiaoyoubiao/Documents/opensource/tomcat8/catalina-home/webapps/manager has finished in 85 ms
25-Oct-2015 17:54:42.055 INFO [localhost-startStop-1] org.apache.catalina.startup.HostConfig.deployDirectory Deploying web application directory /Users/xiaoyoubiao/Documents/opensource/tomcat8/catalina-home/webapps/ROOT
25-Oct-2015 17:54:44.797 INFO [localhost-startStop-1] org.apache.jasper.servlet.TldScanner.scanJars At least one JAR was scanned for TLDs yet contained no TLDs. Enable debug logging for this logger for a complete list of JARs that were scanned but no TLDs were found in them. Skipping unneeded JARs during scanning can improve startup time and JSP compilation time.
25-Oct-2015 17:54:44.798 INFO [localhost-startStop-1] org.apache.catalina.startup.HostConfig.deployDirectory Deployment of web application directory /Users/xiaoyoubiao/Documents/opensource/tomcat8/catalina-home/webapps/ROOT has finished in 2,743 ms
25-Oct-2015 17:54:44.804 INFO [main] org.apache.coyote.AbstractProtocol.start Starting ProtocolHandler ["http-nio-8080"]
25-Oct-2015 17:54:44.811 INFO [main] org.apache.coyote.AbstractProtocol.start Starting ProtocolHandler ["ajp-nio-8009"]
25-Oct-2015 17:54:44.812 INFO [main] org.apache.catalina.startup.Catalina.start Server startup in 13537 ms
25-Oct-2015 17:55:58.405 INFO [Thread-5] org.apache.coyote.AbstractProtocol.pause Pausing ProtocolHandler ["http-nio-8080"]
25-Oct-2015 17:55:58.467 INFO [Thread-5] org.apache.coyote.AbstractProtocol.pause Pausing ProtocolHandler ["ajp-nio-8009"]
25-Oct-2015 17:55:58.522 INFO [Thread-5] org.apache.catalina.core.StandardService.stopInternal Stopping service Catalina
25-Oct-2015 17:55:58.573 INFO [Thread-5] org.apache.coyote.AbstractProtocol.stop Stopping ProtocolHandler ["http-nio-8080"]
25-Oct-2015 17:55:58.575 INFO [Thread-5] org.apache.coyote.AbstractProtocol.stop Stopping ProtocolHandler ["ajp-nio-8009"]
25-Oct-2015 17:55:58.575 INFO [Thread-5] org.apache.coyote.AbstractProtocol.destroy Destroying ProtocolHandler ["http-nio-8080"]
25-Oct-2015 17:55:58.576 INFO [Thread-5] org.apache.coyote.AbstractProtocol.destroy Destroying ProtocolHandler ["ajp-nio-8009"]
