12-May-2016 12:26:25.894 INFO [main] org.apache.catalina.startup.VersionLoggerListener.log Server version:        Apache Tomcat/@VERSION@
12-May-2016 12:26:25.896 INFO [main] org.apache.catalina.startup.VersionLoggerListener.log Server built:          @VERSION_BUILT@
12-May-2016 12:26:25.896 INFO [main] org.apache.catalina.startup.VersionLoggerListener.log Server number:         @VERSION_NUMBER@
12-May-2016 12:26:25.896 INFO [main] org.apache.catalina.startup.VersionLoggerListener.log OS Name:               Windows 7
12-May-2016 12:26:25.896 INFO [main] org.apache.catalina.startup.VersionLoggerListener.log OS Version:            6.1
12-May-2016 12:26:25.897 INFO [main] org.apache.catalina.startup.VersionLoggerListener.log Architecture:          amd64
12-May-2016 12:26:25.897 INFO [main] org.apache.catalina.startup.VersionLoggerListener.log Java Home:             C:\Program Files\Java\jdk1.8.0_51\jre
12-May-2016 12:26:25.897 INFO [main] org.apache.catalina.startup.VersionLoggerListener.log JVM Version:           1.8.0_51-b16
12-May-2016 12:26:25.897 INFO [main] org.apache.catalina.startup.VersionLoggerListener.log JVM Vendor:            Oracle Corporation
12-May-2016 12:26:25.897 INFO [main] org.apache.catalina.startup.VersionLoggerListener.log CATALINA_BASE:         F:\IdeaProject\tomcat8\catalina-home
12-May-2016 12:26:25.897 INFO [main] org.apache.catalina.startup.VersionLoggerListener.log CATALINA_HOME:         F:\IdeaProject\tomcat8\catalina-home
12-May-2016 12:26:25.897 INFO [main] org.apache.catalina.startup.VersionLoggerListener.log Command line argument: -Dcatalina.home=catalina-home
12-May-2016 12:26:25.897 INFO [main] org.apache.catalina.startup.VersionLoggerListener.log Command line argument: -Dcatalina.base=catalina-home
12-May-2016 12:26:25.897 INFO [main] org.apache.catalina.startup.VersionLoggerListener.log Command line argument: -Djava.endorsed.dirs=catalina-home/endorsed
12-May-2016 12:26:25.897 INFO [main] org.apache.catalina.startup.VersionLoggerListener.log Command line argument: -Djava.io.tmpdir=catalina-home/temp
12-May-2016 12:26:25.899 INFO [main] org.apache.catalina.startup.VersionLoggerListener.log Command line argument: -Djava.util.logging.manager=org.apache.juli.ClassLoaderLogManager
12-May-2016 12:26:25.899 INFO [main] org.apache.catalina.startup.VersionLoggerListener.log Command line argument: -Djava.util.logging.config.file=catalina-home/conf/logging.properties
12-May-2016 12:26:25.899 INFO [main] org.apache.catalina.startup.VersionLoggerListener.log Command line argument: -Didea.launcher.port=7532
12-May-2016 12:26:25.900 INFO [main] org.apache.catalina.startup.VersionLoggerListener.log Command line argument: -Didea.launcher.bin.path=D:\Program Files (x86)\JetBrains\IntelliJ IDEA 15.0.2\bin
12-May-2016 12:26:25.900 INFO [main] org.apache.catalina.startup.VersionLoggerListener.log Command line argument: -Dfile.encoding=UTF-8
12-May-2016 12:26:25.900 INFO [main] org.apache.catalina.core.AprLifecycleListener.lifecycleEvent The APR based Apache Tomcat Native library which allows optimal performance in production environments was not found on the java.library.path: C:\Program Files\Java\jdk1.8.0_51\bin;C:\Windows\Sun\Java\bin;C:\Windows\system32;C:\Windows;C:\ProgramData\Oracle\Java\javapath;D:\app\Administrator\OraHome_3\bin;D:\app\Administrator\OraHome_2\bin;E:\OraHome_1;E:\app\Administrator\product\11.2.0\client_1\bin;C:\Program Files (x86)\Intel\iCLS Client\;C:\Program Files\Intel\iCLS Client\;C:\Windows\system32;C:\Windows;C:\Windows\System32\Wbem;C:\Windows\System32\WindowsPowerShell\v1.0\;C:\Program Files\Intel\Intel(R) Management Engine Components\DAL;C:\Program Files\Intel\Intel(R) Management Engine Components\IPT;C:\Program Files (x86)\Intel\Intel(R) Management Engine Components\DAL;C:\Program Files (x86)\Intel\Intel(R) Management Engine Components\IPT;C:\Program Files (x86)\Intel\OpenCL SDK\2.0\bin\x86;C:\Program Files (x86)\Intel\OpenCL SDK\2.0\bin\x64;C:\Program Files\Java\jdk1.8.0_51\bin;C:\Program Files\Java\jdk1.8.0_51\jre\bin;C:\Program Files (x86)\Microsoft SQL Server\90\Tools\binn\;D:\Python33;D:\Python;D:\apache-maven-3.2.1\bin;D:\Program Files\TortoiseSVN\bin;D:\Program Files\nodejs\;C:\Program Files (x86)\Microsoft SQL Server\100\Tools\Binn\VSShell\Common7\IDE\;C:\Program Files (x86)\Microsoft SQL Server\100\Tools\Binn\;C:\Program Files\Microsoft SQL Server\100\Tools\Binn\;C:\Program Files (x86)\Microsoft SQL Server\100\DTS\Binn\;D:\Program Files\MySQL\MySQL Utilities 1.3.6\;D:\neo4j-community-2.2.1\bin;C:\Users\Administrator\AppData\Roaming\npm;.
12-May-2016 12:26:27.650 INFO [main] org.apache.coyote.AbstractProtocol.init Initializing ProtocolHandler ["http-nio-8080"]
12-May-2016 12:26:27.785 INFO [main] org.apache.tomcat.util.net.NioSelectorPool.getSharedSelector Using a shared selector for servlet write/read
12-May-2016 12:26:27.862 INFO [main] org.apache.coyote.AbstractProtocol.init Initializing ProtocolHandler ["ajp-nio-8009"]
12-May-2016 12:26:27.866 INFO [main] org.apache.tomcat.util.net.NioSelectorPool.getSharedSelector Using a shared selector for servlet write/read
12-May-2016 12:26:27.868 INFO [main] org.apache.catalina.startup.Catalina.load Initialization processed in 6391 ms
12-May-2016 12:26:28.230 INFO [main] org.apache.catalina.core.StandardService.startInternal Starting service Catalina
12-May-2016 12:26:28.230 INFO [main] org.apache.catalina.core.StandardEngine.startInternal Starting Servlet Engine: Apache Tomcat/@VERSION@
12-May-2016 12:26:28.356 INFO [localhost-startStop-1] org.apache.catalina.startup.HostConfig.deployDirectory Deploying web application directory F:\IdeaProject\tomcat8\catalina-home\webapps\docs
12-May-2016 12:27:05.739 INFO [localhost-startStop-1] org.apache.jasper.servlet.TldScanner.scanJars At least one JAR was scanned for TLDs yet contained no TLDs. Enable debug logging for this logger for a complete list of JARs that were scanned but no TLDs were found in them. Skipping unneeded JARs during scanning can improve startup time and JSP compilation time.
12-May-2016 12:27:05.957 INFO [localhost-startStop-1] org.apache.catalina.startup.HostConfig.deployDirectory Deployment of web application directory F:\IdeaProject\tomcat8\catalina-home\webapps\docs has finished in 37,600 ms
12-May-2016 12:27:05.957 INFO [localhost-startStop-1] org.apache.catalina.startup.HostConfig.deployDirectory Deploying web application directory F:\IdeaProject\tomcat8\catalina-home\webapps\examples
12-May-2016 12:27:12.236 INFO [localhost-startStop-1] org.apache.jasper.servlet.TldScanner.scanJars At least one JAR was scanned for TLDs yet contained no TLDs. Enable debug logging for this logger for a complete list of JARs that were scanned but no TLDs were found in them. Skipping unneeded JARs during scanning can improve startup time and JSP compilation time.
12-May-2016 12:27:12.338 INFO [localhost-startStop-1] org.apache.catalina.startup.HostConfig.deployDirectory Deployment of web application directory F:\IdeaProject\tomcat8\catalina-home\webapps\examples has finished in 6,380 ms
12-May-2016 12:27:12.338 INFO [localhost-startStop-1] org.apache.catalina.startup.HostConfig.deployDirectory Deploying web application directory F:\IdeaProject\tomcat8\catalina-home\webapps\host-manager
12-May-2016 12:27:12.539 INFO [localhost-startStop-1] org.apache.catalina.startup.HostConfig.deployDirectory Deployment of web application directory F:\IdeaProject\tomcat8\catalina-home\webapps\host-manager has finished in 201 ms
12-May-2016 12:27:12.539 INFO [localhost-startStop-1] org.apache.catalina.startup.HostConfig.deployDirectory Deploying web application directory F:\IdeaProject\tomcat8\catalina-home\webapps\manager
12-May-2016 12:27:12.747 INFO [localhost-startStop-1] org.apache.catalina.startup.HostConfig.deployDirectory Deployment of web application directory F:\IdeaProject\tomcat8\catalina-home\webapps\manager has finished in 207 ms
12-May-2016 12:27:12.747 INFO [localhost-startStop-1] org.apache.catalina.startup.HostConfig.deployDirectory Deploying web application directory F:\IdeaProject\tomcat8\catalina-home\webapps\ROOT
12-May-2016 12:27:16.119 INFO [localhost-startStop-1] org.apache.jasper.servlet.TldScanner.scanJars At least one JAR was scanned for TLDs yet contained no TLDs. Enable debug logging for this logger for a complete list of JARs that were scanned but no TLDs were found in them. Skipping unneeded JARs during scanning can improve startup time and JSP compilation time.
12-May-2016 12:27:16.121 INFO [localhost-startStop-1] org.apache.catalina.startup.HostConfig.deployDirectory Deployment of web application directory F:\IdeaProject\tomcat8\catalina-home\webapps\ROOT has finished in 3,374 ms
12-May-2016 12:27:16.125 INFO [main] org.apache.coyote.AbstractProtocol.start Starting ProtocolHandler ["http-nio-8080"]
12-May-2016 12:27:16.176 INFO [main] org.apache.coyote.AbstractProtocol.start Starting ProtocolHandler ["ajp-nio-8009"]
12-May-2016 12:27:16.178 INFO [main] org.apache.catalina.startup.Catalina.start Server startup in 48309 ms
